
*** Running vivado
    with args -log Top.vdi -applog -m64 -product Vivado -messageDb vivado.pb -mode batch -source Top.tcl -notrace



****** Vivado v2021.1 (64-bit)
  **** SW Build 3247384 on Thu Jun 10 19:36:33 MDT 2021
  **** IP Build 3246043 on Fri Jun 11 00:30:35 MDT 2021
    ** Copyright 1986-2021 Xilinx, Inc. All Rights Reserved.

source Top.tcl -notrace
Command: link_design -top Top -part xc7a35tftg256-1
Design is defaulting to srcset: sources_1
Design is defaulting to constrset: constrs_1
INFO: [Device 21-403] Loading part xc7a35tftg256-1
INFO: [Project 1-454] Reading design checkpoint 'c:/Users/liams/Documents/GitHub/Virtex-Embedded-Code/Virtex-Embedded-Code.gen/sources_1/ip/clk_wiz_0_1/clk_wiz_0.dcp' for cell 'CameraManager/clk_wiz_0'
Netlist sorting complete. Time (s): cpu = 00:00:00 ; elapsed = 00:00:00.001 . Memory (MB): peak = 1237.660 ; gain = 0.000
INFO: [Netlist 29-17] Analyzing 14 Unisim elements for replacement
INFO: [Netlist 29-28] Unisim Transformation completed in 0 CPU seconds
INFO: [Project 1-479] Netlist was created with Vivado 2021.1
INFO: [Project 1-570] Preparing netlist for logic optimization
WARNING: [Opt 31-35] Removing redundant IBUF, CameraManager/clk_wiz_0/inst/clkin1_ibufg, from the path connected to top-level port: CLK 
Resolution: The tool has removed redundant IBUF. To resolve this warning, check for redundant IBUF in the input design.
WARNING: [Constraints 18-550] Could not create 'IBUF_LOW_PWR' constraint because net 'CameraManager/clk_wiz_0/clk_in1' is not directly connected to top level port. Synthesis is ignored for IBUF_LOW_PWR but preserved for implementation.
Parsing XDC File [c:/Users/liams/Documents/GitHub/Virtex-Embedded-Code/Virtex-Embedded-Code.gen/sources_1/ip/clk_wiz_0_1/clk_wiz_0_board.xdc] for cell 'CameraManager/clk_wiz_0/inst'
Finished Parsing XDC File [c:/Users/liams/Documents/GitHub/Virtex-Embedded-Code/Virtex-Embedded-Code.gen/sources_1/ip/clk_wiz_0_1/clk_wiz_0_board.xdc] for cell 'CameraManager/clk_wiz_0/inst'
Parsing XDC File [c:/Users/liams/Documents/GitHub/Virtex-Embedded-Code/Virtex-Embedded-Code.gen/sources_1/ip/clk_wiz_0_1/clk_wiz_0.xdc] for cell 'CameraManager/clk_wiz_0/inst'
INFO: [Timing 38-35] Done setting XDC timing constraints. [c:/Users/liams/Documents/GitHub/Virtex-Embedded-Code/Virtex-Embedded-Code.gen/sources_1/ip/clk_wiz_0_1/clk_wiz_0.xdc:57]
INFO: [Timing 38-2] Deriving generated clocks [c:/Users/liams/Documents/GitHub/Virtex-Embedded-Code/Virtex-Embedded-Code.gen/sources_1/ip/clk_wiz_0_1/clk_wiz_0.xdc:57]
get_clocks: Time (s): cpu = 00:00:06 ; elapsed = 00:00:06 . Memory (MB): peak = 1462.891 ; gain = 225.230
Finished Parsing XDC File [c:/Users/liams/Documents/GitHub/Virtex-Embedded-Code/Virtex-Embedded-Code.gen/sources_1/ip/clk_wiz_0_1/clk_wiz_0.xdc] for cell 'CameraManager/clk_wiz_0/inst'
Parsing XDC File [C:/Users/liams/Documents/GitHub/Virtex-Embedded-Code/Virtex-Embedded-Code.srcs/constrs_1/new/Main.xdc]
WARNING: [Vivado 12-584] No ports matched 'USB_BD[5]'. [C:/Users/liams/Documents/GitHub/Virtex-Embedded-Code/Virtex-Embedded-Code.srcs/constrs_1/new/Main.xdc:7]
CRITICAL WARNING: [Common 17-55] 'set_property' expects at least one object. [C:/Users/liams/Documents/GitHub/Virtex-Embedded-Code/Virtex-Embedded-Code.srcs/constrs_1/new/Main.xdc:7]
Resolution: If [get_<value>] was used to populate the object, check to make sure this command returns at least one valid object.
WARNING: [Vivado 12-584] No ports matched 'USB_BD[6]'. [C:/Users/liams/Documents/GitHub/Virtex-Embedded-Code/Virtex-Embedded-Code.srcs/constrs_1/new/Main.xdc:9]
CRITICAL WARNING: [Common 17-55] 'set_property' expects at least one object. [C:/Users/liams/Documents/GitHub/Virtex-Embedded-Code/Virtex-Embedded-Code.srcs/constrs_1/new/Main.xdc:9]
Resolution: If [get_<value>] was used to populate the object, check to make sure this command returns at least one valid object.
WARNING: [Vivado 12-584] No ports matched 'USB_BC[0]'. [C:/Users/liams/Documents/GitHub/Virtex-Embedded-Code/Virtex-Embedded-Code.srcs/constrs_1/new/Main.xdc:10]
CRITICAL WARNING: [Common 17-55] 'set_property' expects at least one object. [C:/Users/liams/Documents/GitHub/Virtex-Embedded-Code/Virtex-Embedded-Code.srcs/constrs_1/new/Main.xdc:10]
Resolution: If [get_<value>] was used to populate the object, check to make sure this command returns at least one valid object.
WARNING: [Vivado 12-584] No ports matched 'USB_BD[7]'. [C:/Users/liams/Documents/GitHub/Virtex-Embedded-Code/Virtex-Embedded-Code.srcs/constrs_1/new/Main.xdc:11]
CRITICAL WARNING: [Common 17-55] 'set_property' expects at least one object. [C:/Users/liams/Documents/GitHub/Virtex-Embedded-Code/Virtex-Embedded-Code.srcs/constrs_1/new/Main.xdc:11]
Resolution: If [get_<value>] was used to populate the object, check to make sure this command returns at least one valid object.
WARNING: [Vivado 12-584] No ports matched 'USB_BC[3]'. [C:/Users/liams/Documents/GitHub/Virtex-Embedded-Code/Virtex-Embedded-Code.srcs/constrs_1/new/Main.xdc:12]
CRITICAL WARNING: [Common 17-55] 'set_property' expects at least one object. [C:/Users/liams/Documents/GitHub/Virtex-Embedded-Code/Virtex-Embedded-Code.srcs/constrs_1/new/Main.xdc:12]
Resolution: If [get_<value>] was used to populate the object, check to make sure this command returns at least one valid object.
WARNING: [Vivado 12-584] No ports matched 'USB_BD[4]'. [C:/Users/liams/Documents/GitHub/Virtex-Embedded-Code/Virtex-Embedded-Code.srcs/constrs_1/new/Main.xdc:15]
CRITICAL WARNING: [Common 17-55] 'set_property' expects at least one object. [C:/Users/liams/Documents/GitHub/Virtex-Embedded-Code/Virtex-Embedded-Code.srcs/constrs_1/new/Main.xdc:15]
Resolution: If [get_<value>] was used to populate the object, check to make sure this command returns at least one valid object.
WARNING: [Vivado 12-584] No ports matched 'USB_BC[1]'. [C:/Users/liams/Documents/GitHub/Virtex-Embedded-Code/Virtex-Embedded-Code.srcs/constrs_1/new/Main.xdc:18]
CRITICAL WARNING: [Common 17-55] 'set_property' expects at least one object. [C:/Users/liams/Documents/GitHub/Virtex-Embedded-Code/Virtex-Embedded-Code.srcs/constrs_1/new/Main.xdc:18]
Resolution: If [get_<value>] was used to populate the object, check to make sure this command returns at least one valid object.
WARNING: [Vivado 12-584] No ports matched 'USB_BC[2]'. [C:/Users/liams/Documents/GitHub/Virtex-Embedded-Code/Virtex-Embedded-Code.srcs/constrs_1/new/Main.xdc:19]
CRITICAL WARNING: [Common 17-55] 'set_property' expects at least one object. [C:/Users/liams/Documents/GitHub/Virtex-Embedded-Code/Virtex-Embedded-Code.srcs/constrs_1/new/Main.xdc:19]
Resolution: If [get_<value>] was used to populate the object, check to make sure this command returns at least one valid object.
WARNING: [Vivado 12-584] No ports matched 'USB_BC[6]'. [C:/Users/liams/Documents/GitHub/Virtex-Embedded-Code/Virtex-Embedded-Code.srcs/constrs_1/new/Main.xdc:20]
CRITICAL WARNING: [Common 17-55] 'set_property' expects at least one object. [C:/Users/liams/Documents/GitHub/Virtex-Embedded-Code/Virtex-Embedded-Code.srcs/constrs_1/new/Main.xdc:20]
Resolution: If [get_<value>] was used to populate the object, check to make sure this command returns at least one valid object.
WARNING: [Vivado 12-584] No ports matched 'USB_BC[4]'. [C:/Users/liams/Documents/GitHub/Virtex-Embedded-Code/Virtex-Embedded-Code.srcs/constrs_1/new/Main.xdc:21]
CRITICAL WARNING: [Common 17-55] 'set_property' expects at least one object. [C:/Users/liams/Documents/GitHub/Virtex-Embedded-Code/Virtex-Embedded-Code.srcs/constrs_1/new/Main.xdc:21]
Resolution: If [get_<value>] was used to populate the object, check to make sure this command returns at least one valid object.
WARNING: [Vivado 12-584] No ports matched 'USB_BC[5]'. [C:/Users/liams/Documents/GitHub/Virtex-Embedded-Code/Virtex-Embedded-Code.srcs/constrs_1/new/Main.xdc:24]
CRITICAL WARNING: [Common 17-55] 'set_property' expects at least one object. [C:/Users/liams/Documents/GitHub/Virtex-Embedded-Code/Virtex-Embedded-Code.srcs/constrs_1/new/Main.xdc:24]
Resolution: If [get_<value>] was used to populate the object, check to make sure this command returns at least one valid object.
CRITICAL WARNING: [Common 17-69] Command failed: 'E8' is not a valid site or package pin name. [C:/Users/liams/Documents/GitHub/Virtex-Embedded-Code/Virtex-Embedded-Code.srcs/constrs_1/new/Main.xdc:42]
CRITICAL WARNING: [Common 17-69] Command failed: 'M7' is not a valid site or package pin name. [C:/Users/liams/Documents/GitHub/Virtex-Embedded-Code/Virtex-Embedded-Code.srcs/constrs_1/new/Main.xdc:51]
CRITICAL WARNING: [Common 17-69] Command failed: 'L7' is not a valid site or package pin name. [C:/Users/liams/Documents/GitHub/Virtex-Embedded-Code/Virtex-Embedded-Code.srcs/constrs_1/new/Main.xdc:52]
CRITICAL WARNING: [Common 17-69] Command failed: 'N8' is not a valid site or package pin name. [C:/Users/liams/Documents/GitHub/Virtex-Embedded-Code/Virtex-Embedded-Code.srcs/constrs_1/new/Main.xdc:53]
CRITICAL WARNING: [Common 17-69] Command failed: 'N7' is not a valid site or package pin name. [C:/Users/liams/Documents/GitHub/Virtex-Embedded-Code/Virtex-Embedded-Code.srcs/constrs_1/new/Main.xdc:54]
Finished Parsing XDC File [C:/Users/liams/Documents/GitHub/Virtex-Embedded-Code/Virtex-Embedded-Code.srcs/constrs_1/new/Main.xdc]
INFO: [Opt 31-138] Pushed 0 inverter(s) to 0 load pin(s).
CRITICAL WARNING: [Project 1-486] Could not resolve non-primitive black box cell 'FlashManager' instantiated as 'FlashManager' [C:/Users/liams/Documents/GitHub/Virtex-Embedded-Code/Virtex-Embedded-Code.srcs/sources_1/new/Top.sv:108]
Netlist sorting complete. Time (s): cpu = 00:00:00 ; elapsed = 00:00:00 . Memory (MB): peak = 1462.891 ; gain = 0.000
INFO: [Project 1-111] Unisim Transformation Summary:
No Unisim elements were transformed.

10 Infos, 13 Warnings, 17 Critical Warnings and 0 Errors encountered.
link_design completed successfully
link_design: Time (s): cpu = 00:00:09 ; elapsed = 00:00:10 . Memory (MB): peak = 1462.891 ; gain = 225.230
Command: opt_design
Attempting to get a license for feature 'Implementation' and/or device 'xc7a35t'
INFO: [Common 17-349] Got license for feature 'Implementation' and/or device 'xc7a35t'
Running DRC as a precondition to command opt_design

Starting DRC Task
INFO: [DRC 23-27] Running DRC with 2 threads
ERROR: [DRC INBB-3] Black Box Instances: Cell 'FlashManager' of type 'FlashManager' has undefined contents and is considered a black box.  The contents of this cell must be defined for opt_design to complete successfully.
WARNING: [DRC RPBF-3] IO port buffering is incomplete: Device port USB_BD[1] expects both input and output buffering but the buffers are incomplete.
INFO: [Project 1-461] DRC finished with 1 Errors, 1 Warnings
INFO: [Project 1-462] Please refer to the DRC report (report_drc) for more information.
ERROR: [Vivado_Tcl 4-78] Error(s) found during DRC. Opt_design not run.

Time (s): cpu = 00:00:01 ; elapsed = 00:00:00.766 . Memory (MB): peak = 1462.891 ; gain = 0.000
INFO: [Common 17-83] Releasing license: Implementation
15 Infos, 14 Warnings, 17 Critical Warnings and 2 Errors encountered.
opt_design failed
ERROR: [Common 17-39] 'opt_design' failed due to earlier errors.

INFO: [Common 17-206] Exiting Vivado at Sun Sep  5 19:24:29 2021...
