INFO: [VRFC 10-2263] Analyzing Verilog file "C:/Users/liams/Documents/GitHub/Virtex-Embedded-Code/Virtex-Embedded-Code.gen/sources_1/ip/clk_wiz_1/clk_wiz_1_sim_netlist.v" into library xil_defaultlib
INFO: [VRFC 10-311] analyzing module clk_wiz_1
INFO: [VRFC 10-311] analyzing module clk_wiz_1_clk_wiz
INFO: [VRFC 10-311] analyzing module glbl
INFO: [VRFC 10-2263] Analyzing SystemVerilog file "C:/Users/liams/Documents/GitHub/Virtex-Embedded-Code/Virtex-Embedded-Code.srcs/sources_1/new/Top.sv" into library xil_defaultlib
INFO: [VRFC 10-311] analyzing module Top
INFO: [VRFC 10-2458] undeclared symbol LED, assumed default net type wire [C:/Users/liams/Documents/GitHub/Virtex-Embedded-Code/Virtex-Embedded-Code.srcs/sources_1/new/Top.sv:87]
INFO: [VRFC 10-2263] Analyzing SystemVerilog file "C:/Users/liams/Documents/GitHub/Virtex-Embedded-Code/Virtex-Embedded-Code.srcs/sources_1/new/LEDManager.sv" into library xil_defaultlib
INFO: [VRFC 10-311] analyzing module LEDManager
INFO: [VRFC 10-2263] Analyzing SystemVerilog file "C:/Users/liams/Documents/GitHub/Virtex-Embedded-Code/Virtex-Embedded-Code.srcs/sources_1/new/CameraManager.sv" into library xil_defaultlib
INFO: [VRFC 10-311] analyzing module CameraManager
INFO: [VRFC 10-2458] undeclared symbol CLK200, assumed default net type wire [C:/Users/liams/Documents/GitHub/Virtex-Embedded-Code/Virtex-Embedded-Code.srcs/sources_1/new/CameraManager.sv:33]
INFO: [VRFC 10-2458] undeclared symbol LVDS_CLK, assumed default net type wire [C:/Users/liams/Documents/GitHub/Virtex-Embedded-Code/Virtex-Embedded-Code.srcs/sources_1/new/CameraManager.sv:34]
INFO: [VRFC 10-2458] undeclared symbol LVDS_SYNC, assumed default net type wire [C:/Users/liams/Documents/GitHub/Virtex-Embedded-Code/Virtex-Embedded-Code.srcs/sources_1/new/CameraManager.sv:35]
INFO: [VRFC 10-2458] undeclared symbol LVDS_DOUT, assumed default net type wire [C:/Users/liams/Documents/GitHub/Virtex-Embedded-Code/Virtex-Embedded-Code.srcs/sources_1/new/CameraManager.sv:36]
WARNING: [VRFC 10-2938] 'CLK200' is already implicitly declared on line 33 [C:/Users/liams/Documents/GitHub/Virtex-Embedded-Code/Virtex-Embedded-Code.srcs/sources_1/new/CameraManager.sv:50]
WARNING: [VRFC 10-2938] 'LVDS_CLK' is already implicitly declared on line 34 [C:/Users/liams/Documents/GitHub/Virtex-Embedded-Code/Virtex-Embedded-Code.srcs/sources_1/new/CameraManager.sv:57]
WARNING: [VRFC 10-2938] 'LVDS_SYNC' is already implicitly declared on line 35 [C:/Users/liams/Documents/GitHub/Virtex-Embedded-Code/Virtex-Embedded-Code.srcs/sources_1/new/CameraManager.sv:58]
WARNING: [VRFC 10-2938] 'LVDS_DOUT' is already implicitly declared on line 36 [C:/Users/liams/Documents/GitHub/Virtex-Embedded-Code/Virtex-Embedded-Code.srcs/sources_1/new/CameraManager.sv:59]
INFO: [VRFC 10-2263] Analyzing SystemVerilog file "C:/Users/liams/Documents/GitHub/Virtex-Embedded-Code/Virtex-Embedded-Code.srcs/sources_1/new/RoboRIOManager.sv" into library xil_defaultlib
INFO: [VRFC 10-311] analyzing module RoboRIOManager
INFO: [VRFC 10-2263] Analyzing SystemVerilog file "C:/Users/liams/Documents/GitHub/Virtex-Embedded-Code/Virtex-Embedded-Code.srcs/sources_1/new/CameraConfigManager.sv" into library xil_defaultlib
INFO: [VRFC 10-311] analyzing module CameraConfigManager
INFO: [VRFC 10-2263] Analyzing SystemVerilog file "C:/Users/liams/Documents/GitHub/Virtex-Embedded-Code/Virtex-Embedded-Code.srcs/sources_1/new/ConfigManager.sv" into library xil_defaultlib
INFO: [VRFC 10-311] analyzing module ConfigManager
INFO: [VRFC 10-2263] Analyzing SystemVerilog file "C:/Users/liams/Documents/GitHub/Virtex-Embedded-Code/Virtex-Embedded-Code.srcs/sources_1/new/BlobProcessor.sv" into library xil_defaultlib
INFO: [VRFC 10-311] analyzing module BlobProcessor
INFO: [VRFC 10-2263] Analyzing SystemVerilog file "C:/Users/liams/Documents/GitHub/Virtex-Embedded-Code/Virtex-Embedded-Code.srcs/sources_1/new/AppManager.sv" into library xil_defaultlib
INFO: [VRFC 10-311] analyzing module AppManager
WARNING: [VRFC 10-965] invalid size of integer constant literal [C:/Users/liams/Documents/GitHub/Virtex-Embedded-Code/Virtex-Embedded-Code.srcs/sources_1/new/AppManager.sv:42]
ERROR: [VRFC 10-2989] 'clk48' is not declared [C:/Users/liams/Documents/GitHub/Virtex-Embedded-Code/Virtex-Embedded-Code.srcs/sources_1/new/AppManager.sv:52]
ERROR: [VRFC 10-2865] module 'AppManager' ignored due to previous errors [C:/Users/liams/Documents/GitHub/Virtex-Embedded-Code/Virtex-Embedded-Code.srcs/sources_1/new/AppManager.sv:18]
